<?xml version='1.0' encoding='utf-8'?>
<notebook>
  <markdown>$$
d(p,q) = \sqrt{(p_1 - q_1)^2 + (p_2 - q_2)^2 + \cdots + (p_n - q_n)^2} = \sqrt{\sum_{i=1}^n (p_i - q_i)^2}
$$</markdown>
  <markdown>$$
similitud(p,q) = d(p,q)^2 = \sum_{i=1}^n (p_i - q_i)^2
$$</markdown>
  <markdown>$$
similitud(U,V) = \frac{U \cdot V}{||U|| ||V||}
$$</markdown>
  <markdown>$$
similitud(U,V) = U \cdot V
$$</markdown>
</notebook>